#-----------------------------------------------------------
# Vivado v2019.1 (64-bit)
# SW Build 2552052 on Fri May 24 14:49:42 MDT 2019
# IP Build 2548770 on Fri May 24 18:01:18 MDT 2019
# Start of session at: Tue Dec 29 09:20:01 2020
# Process ID: 23024
# Current directory: C:/Users/12875/CPU_vivado/project_4_CPU_pipeline
# Command line: vivado.exe -gui_launcher_event rodinguilauncherevent23216 C:\Users\12875\CPU_vivado\project_4_CPU_pipeline\project_4_CPU_pipeline.xpr
# Log file: C:/Users/12875/CPU_vivado/project_4_CPU_pipeline/vivado.log
# Journal file: C:/Users/12875/CPU_vivado/project_4_CPU_pipeline\vivado.jou
#-----------------------------------------------------------
start_gui
open_project C:/Users/12875/CPU_vivado/project_4_CPU_pipeline/project_4_CPU_pipeline.xpr
Scanning sources...
Finished scanning sources
INFO: [IP_Flow 19-234] Refreshing IP repositories
INFO: [IP_Flow 19-1704] No user IP repositories specified
INFO: [IP_Flow 19-2313] Loaded Vivado IP repository 'F:/vivado_2019/Vivado/2019.1/data/ip'.
open_project: Time (s): cpu = 00:00:20 ; elapsed = 00:00:10 . Memory (MB): peak = 681.875 ; gain = 44.508
update_compile_order -fileset sources_1
exit
INFO: [Common 17-206] Exiting Vivado at Tue Dec 29 09:43:45 2020...
